2025-04-02 17:41:25,317 base_page.py Запущен браузер по юрлу: https://ogorodnik.by/
2025-04-02 17:41:25,340 base_page.py Проверка существования кнопки профиля
2025-04-02 17:41:25,341 base_page.py Проверка есть ли обьект: wd-tools-icon
2025-04-02 17:41:25,355 base_page.py Обьекта (wd-tools-icon) нет
2025-04-02 17:41:35,560 base_page.py Запущен браузер по юрлу: https://ogorodnik.by/
2025-04-02 17:41:35,560 base_page.py Проверка существования кнопки профиля
2025-04-02 17:41:35,561 base_page.py Проверка есть ли обьект: wd-tools-icon
2025-04-02 17:41:35,574 base_page.py Обьекта (wd-tools-icon) нет
2025-04-02 17:41:35,575 base_page.py Кликаем по кнопки профиля
2025-04-02 17:41:35,696 login_page.py Вход в аккаунт с данными (FreseFea , test123)
2025-04-02 17:41:44,685 base_page.py Запущен браузер по юрлу: https://ogorodnik.by/
2025-04-02 17:41:44,685 base_page.py Проверка существования кнопки профиля
2025-04-02 17:41:44,686 base_page.py Проверка есть ли обьект: wd-tools-icon
2025-04-02 17:41:44,702 base_page.py Обьекта (wd-tools-icon) нет
2025-04-02 17:41:44,703 base_page.py Кликаем по кнопки профиля
2025-04-02 17:41:44,832 main_page.py Кликаем по кнопке регистрации
2025-04-02 17:41:46,036 login_page.py Регистрация нового аккаунта с данными (khslffnnagmtiinb , khslffnnagmtiinb@gmail.com)
2025-04-02 17:41:53,546 base_page.py Запущен браузер по юрлу: https://ogorodnik.by/
2025-04-02 17:41:53,547 base_page.py Проверка существования кнопки профиля
2025-04-02 17:41:53,547 base_page.py Проверка есть ли обьект: wd-tools-icon
2025-04-02 17:41:53,561 base_page.py Обьекта (wd-tools-icon) нет
2025-04-02 17:41:53,562 base_page.py Кликаем по кнопки профиля
2025-04-02 17:41:54,508 main_page.py Кликаем по кнопке регистрации
2025-04-02 17:41:55,615 login_page.py Регистрация старого аккаунта с данными (FreseFea , testovich14@gmail.com)
2025-04-02 17:42:02,554 base_page.py Запущен браузер по юрлу: https://ogorodnik.by/
2025-04-02 17:42:02,555 base_page.py Поиск в каталоге - продукта Перец сладкий Аристотель F1
2025-04-02 17:42:03,439 product_page.py Добавляем товар в корзину
2025-04-02 17:45:38,584 base_page.py Запущен браузер по юрлу: https://ogorodnik.by/
2025-04-02 17:45:38,597 base_page.py Проверка существования кнопки профиля
2025-04-02 17:45:38,597 base_page.py Проверка есть ли обьект: wd-tools-icon
2025-04-02 17:45:39,519 base_page.py Обьекта (wd-tools-icon) нет
2025-04-02 17:45:50,181 base_page.py Запущен браузер по юрлу: https://ogorodnik.by/
2025-04-02 17:45:50,182 base_page.py Проверка существования кнопки профиля
2025-04-02 17:45:50,182 base_page.py Проверка есть ли обьект: wd-tools-icon
2025-04-02 17:45:50,199 base_page.py Обьекта (wd-tools-icon) нет
2025-04-02 17:45:50,200 base_page.py Кликаем по кнопки профиля
2025-04-02 17:45:50,349 login_page.py Вход в аккаунт с данными (FreseFea , test123)
2025-04-02 17:45:58,749 base_page.py Запущен браузер по юрлу: https://ogorodnik.by/
2025-04-02 17:45:58,750 base_page.py Проверка существования кнопки профиля
2025-04-02 17:45:58,750 base_page.py Проверка есть ли обьект: wd-tools-icon
2025-04-02 17:45:58,766 base_page.py Обьекта (wd-tools-icon) нет
2025-04-02 17:45:58,767 base_page.py Кликаем по кнопки профиля
2025-04-02 17:45:59,696 main_page.py Кликаем по кнопке регистрации
2025-04-02 17:46:00,966 login_page.py Регистрация нового аккаунта с данными (mycsbhbifrhvafpj , mycsbhbifrhvafpj@gmail.com)
2025-04-02 17:46:08,727 base_page.py Запущен браузер по юрлу: https://ogorodnik.by/
2025-04-02 17:46:08,728 base_page.py Проверка существования кнопки профиля
2025-04-02 17:46:08,728 base_page.py Проверка есть ли обьект: wd-tools-icon
2025-04-02 17:46:08,744 base_page.py Обьекта (wd-tools-icon) нет
2025-04-02 17:46:08,744 base_page.py Кликаем по кнопки профиля
2025-04-02 17:46:09,537 main_page.py Кликаем по кнопке регистрации
2025-04-02 17:46:10,972 login_page.py Регистрация старого аккаунта с данными (FreseFea , testovich14@gmail.com)
2025-04-02 17:46:18,263 base_page.py Запущен браузер по юрлу: https://ogorodnik.by/
2025-04-02 17:46:18,264 base_page.py Поиск в каталоге - продукта Перец сладкий Аристотель F1
2025-04-02 17:46:19,225 product_page.py Добавляем товар в корзину
2025-04-02 17:47:10,137 base_page.py Запущен браузер по юрлу: https://ogorodnik.by/
2025-04-02 17:47:10,145 base_page.py Проверка существования кнопки профиля
2025-04-02 17:47:10,145 base_page.py Проверка есть ли обьект: wd-tools-icon
2025-04-02 17:47:10,162 base_page.py Обьекта (wd-tools-icon) нет
2025-04-02 17:47:20,005 base_page.py Запущен браузер по юрлу: https://ogorodnik.by/
2025-04-02 17:47:20,005 base_page.py Проверка существования кнопки профиля
2025-04-02 17:47:20,006 base_page.py Проверка есть ли обьект: wd-tools-icon
2025-04-02 17:47:20,021 base_page.py Обьекта (wd-tools-icon) нет
2025-04-02 17:47:20,022 base_page.py Кликаем по кнопки профиля
2025-04-02 17:47:20,895 login_page.py Вход в аккаунт с данными (FreseFea , test123)
2025-04-02 17:47:29,779 base_page.py Запущен браузер по юрлу: https://ogorodnik.by/
2025-04-02 17:47:29,780 base_page.py Проверка существования кнопки профиля
2025-04-02 17:47:29,780 base_page.py Проверка есть ли обьект: wd-tools-icon
2025-04-02 17:47:29,799 base_page.py Обьекта (wd-tools-icon) нет
2025-04-02 17:47:29,799 base_page.py Кликаем по кнопки профиля
2025-04-02 17:47:29,921 main_page.py Кликаем по кнопке регистрации
2025-04-02 17:47:31,510 login_page.py Регистрация нового аккаунта с данными (hhzujayonhtsbdtj , hhzujayonhtsbdtj@gmail.com)
2025-04-02 17:47:38,556 base_page.py Запущен браузер по юрлу: https://ogorodnik.by/
2025-04-02 17:47:38,557 base_page.py Проверка существования кнопки профиля
2025-04-02 17:47:38,558 base_page.py Проверка есть ли обьект: wd-tools-icon
2025-04-02 17:47:38,576 base_page.py Обьекта (wd-tools-icon) нет
2025-04-02 17:47:38,578 base_page.py Кликаем по кнопки профиля
2025-04-02 17:47:39,395 main_page.py Кликаем по кнопке регистрации
2025-04-02 17:47:40,680 login_page.py Регистрация старого аккаунта с данными (FreseFea , testovich14@gmail.com)
2025-04-02 17:47:48,406 base_page.py Запущен браузер по юрлу: https://ogorodnik.by/
2025-04-02 17:47:48,406 base_page.py Поиск в каталоге - продукта Перец сладкий Аристотель F1
2025-04-02 17:47:48,549 product_page.py Добавляем товар в корзину
2025-04-02 17:51:12,177 base_page.py Запущен браузер по юрлу: https://ogorodnik.by/
2025-04-02 17:51:12,178 base_page.py Поиск в каталоге - продукта Перец сладкий Аристотель F1
2025-04-02 17:51:12,365 product_page.py Добавляем товар в корзину
2025-04-02 17:52:56,032 base_page.py Запущен браузер по юрлу: https://ogorodnik.by/
2025-04-02 17:52:56,033 base_page.py Поиск в каталоге - продукта Перец сладкий Аристотель F1
2025-04-02 17:52:56,210 product_page.py Добавляем товар в корзину
2025-04-02 17:55:33,769 base_page.py Запущен браузер по юрлу: https://ogorodnik.by/
2025-04-02 17:55:33,817 base_page.py Поиск в каталоге - продукта Перец сладкий Аристотель F1
2025-04-02 17:55:34,701 product_page.py Добавляем товар в корзину
2025-04-02 18:00:45,708 base_page.py Запущен браузер по юрлу: https://ogorodnik.by/
2025-04-02 18:00:45,709 base_page.py Поиск в каталоге - продукта Перец сладкий Аристотель F1
2025-04-02 18:00:45,853 product_page.py Добавляем товар в корзину
2025-04-02 18:02:23,105 base_page.py Запущен браузер по юрлу: https://ogorodnik.by/
2025-04-02 18:02:23,106 base_page.py Поиск в каталоге - продукта Перец сладкий Аристотель F1
2025-04-02 18:02:23,303 product_page.py Добавляем товар в корзину
2025-04-02 18:03:43,679 base_page.py Запущен браузер по юрлу: https://ogorodnik.by/
2025-04-02 18:03:43,679 base_page.py Поиск в каталоге - продукта Перец сладкий Аристотель F1
2025-04-02 18:03:43,806 product_page.py Добавляем товар в корзину
2025-04-02 18:07:56,804 conftest.py Стадия теста: passed
2025-04-02 18:07:58,980 base_page.py Запущен браузер по юрлу: https://ogorodnik.by/
2025-04-02 18:07:58,980 base_page.py Поиск в каталоге - продукта Перец сладкий Аристотель F1
2025-04-02 18:07:59,125 product_page.py Добавляем товар в корзину
2025-04-02 18:08:04,482 conftest.py Стадия теста: failed
2025-04-02 18:08:10,193 conftest.py Стадия теста: passed
